# JRE version: OpenJDK Runtime Environment Temurin-21.0.10+7 (21.0.10+7) (build 21.0.10+7-LTS)
# Java VM: OpenJDK 64-Bit Server VM Temurin-21.0.10+7 (21.0.10+7-LTS, mixed mode, sharing, tiered, compressed oops, compressed class ptrs, g1 gc, windows-amd64)
GC Precious Log:
 CardTable entry size: 512
 Card Set container configuration: InlinePtr #cards 4 size 8 Array Of Cards #cards 16 size 48 Howl #buckets 8 coarsen threshold 3686 Howl Bitmap #cards 512 size 80 coarsen threshold 460 Card regions per heap region 1 cards per card region 4096
 CPUs: 32 total, 32 available
 Memory: 16064M
 Large Page Support: Disabled
 NUMA Support: Disabled
 Compressed Oops: Enabled (Zero based)
 Heap Region Size: 2M
 Heap Min Capacity: 8M
 Heap Initial Capacity: 252M
 Heap Max Capacity: 4018M
 Pre-touch: Disabled
 Parallel Workers: 23
 Concurrent Workers: 6
 Concurrent Refinement Workers: 23
 Periodic GC: Disabled
Heap:
 garbage-first heap   total 83968K, used 55800K [0x0000000704e00000, 0x0000000800000000)
  region size 2048K, 15 young (30720K), 1 survivors (2048K)
 Metaspace       used 64637K, committed 65344K, reserved 1114112K
  class space    used 8323K, committed 8704K, reserved 1048576K
GC Heap History (20 events):
Event: 1.451 GC heap before
{Heap before GC invocations=2 (full 0):
 garbage-first heap   total 258048K, used 37918K [0x0000000704e00000, 0x0000000800000000)
  region size 2048K, 16 young (32768K), 2 survivors (4096K)
 Metaspace       used 21215K, committed 21504K, reserved 1114112K
  class space    used 2653K, committed 2816K, reserved 1048576K
}
Event: 1.454 GC heap after
{Heap after GC invocations=3 (full 0):
 garbage-first heap   total 258048K, used 15632K [0x0000000704e00000, 0x0000000800000000)
  region size 2048K, 3 young (6144K), 3 survivors (6144K)
 Metaspace       used 21215K, committed 21504K, reserved 1114112K
  class space    used 2653K, committed 2816K, reserved 1048576K
}
Event: 2.049 GC heap before
{Heap before GC invocations=4 (full 0):
 garbage-first heap   total 61440K, used 58640K [0x0000000704e00000, 0x0000000800000000)
  region size 2048K, 24 young (49152K), 3 survivors (6144K)
 Metaspace       used 31498K, committed 31936K, reserved 1114112K
  class space    used 4181K, committed 4416K, reserved 1048576K
}
Event: 2.054 GC heap after
{Heap after GC invocations=5 (full 0):
 garbage-first heap   total 69632K, used 18188K [0x0000000704e00000, 0x0000000800000000)
  region size 2048K, 4 young (8192K), 4 survivors (8192K)
 Metaspace       used 31498K, committed 31936K, reserved 1114112K
  class space    used 4181K, committed 4416K, reserved 1048576K
}
Event: 2.238 GC heap before
{Heap before GC invocations=5 (full 0):
 garbage-first heap   total 69632K, used 32524K [0x0000000704e00000, 0x0000000800000000)
  region size 2048K, 12 young (24576K), 4 survivors (8192K)
 Metaspace       used 35570K, committed 35968K, reserved 1114112K
  class space    used 4624K, committed 4800K, reserved 1048576K
}
Event: 2.241 GC heap after
{Heap after GC invocations=6 (full 0):
 garbage-first heap   total 69632K, used 18639K [0x0000000704e00000, 0x0000000800000000)
  region size 2048K, 2 young (4096K), 2 survivors (4096K)
 Metaspace       used 35570K, committed 35968K, reserved 1114112K
  class space    used 4624K, committed 4800K, reserved 1048576K
}
Event: 2.252 GC heap before
{Heap before GC invocations=6 (full 0):
 garbage-first heap   total 69632K, used 18639K [0x0000000704e00000, 0x0000000800000000)
  region size 2048K, 3 young (6144K), 2 survivors (4096K)
 Metaspace       used 35863K, committed 36288K, reserved 1114112K
  class space    used 4660K, committed 4864K, reserved 1048576K
}
Event: 2.254 GC heap after
{Heap after GC invocations=7 (full 0):
 garbage-first heap   total 69632K, used 18427K [0x0000000704e00000, 0x0000000800000000)
  region size 2048K, 2 young (4096K), 2 survivors (4096K)
 Metaspace       used 35863K, committed 36288K, reserved 1114112K
  class space    used 4660K, committed 4864K, reserved 1048576K
}
Event: 2.745 GC heap before
{Heap before GC invocations=8 (full 0):
 garbage-first heap   total 69632K, used 55291K [0x0000000704e00000, 0x0000000800000000)
  region size 2048K, 20 young (40960K), 2 survivors (4096K)
 Metaspace       used 44062K, committed 44608K, reserved 1114112K
  class space    used 5888K, committed 6144K, reserved 1048576K
}
Event: 2.748 GC heap after
{Heap after GC invocations=9 (full 0):
 garbage-first heap   total 69632K, used 22482K [0x0000000704e00000, 0x0000000800000000)
  region size 2048K, 3 young (6144K), 3 survivors (6144K)
 Metaspace       used 44062K, committed 44608K, reserved 1114112K
  class space    used 5888K, committed 6144K, reserved 1048576K
}
Event: 3.157 GC heap before
{Heap before GC invocations=9 (full 0):
 garbage-first heap   total 69632K, used 53202K [0x0000000704e00000, 0x0000000800000000)
  region size 2048K, 19 young (38912K), 3 survivors (6144K)
 Metaspace       used 51519K, committed 52096K, reserved 1114112K
  class space    used 6821K, committed 7104K, reserved 1048576K
}
Event: 3.160 GC heap after
{Heap after GC invocations=10 (full 0):
 garbage-first heap   total 69632K, used 26004K [0x0000000704e00000, 0x0000000800000000)
  region size 2048K, 2 young (4096K), 2 survivors (4096K)
 Metaspace       used 51519K, committed 52096K, reserved 1114112K
  class space    used 6821K, committed 7104K, reserved 1048576K
}
Event: 3.492 GC heap before
{Heap before GC invocations=10 (full 0):
 garbage-first heap   total 69632K, used 54676K [0x0000000704e00000, 0x0000000800000000)
  region size 2048K, 17 young (34816K), 2 survivors (4096K)
 Metaspace       used 58904K, committed 59648K, reserved 1114112K
  class space    used 7733K, committed 8064K, reserved 1048576K
}
Event: 3.495 GC heap after
{Heap after GC invocations=11 (full 0):
 garbage-first heap   total 69632K, used 27514K [0x0000000704e00000, 0x0000000800000000)
  region size 2048K, 3 young (6144K), 3 survivors (6144K)
 Metaspace       used 58904K, committed 59648K, reserved 1114112K
  class space    used 7733K, committed 8064K, reserved 1048576K
}
Event: 4.030 GC heap before
{Heap before GC invocations=11 (full 0):
 garbage-first heap   total 69632K, used 31610K [0x0000000704e00000, 0x0000000800000000)
  region size 2048K, 6 young (12288K), 3 survivors (6144K)
 Metaspace       used 60121K, committed 60736K, reserved 1114112K
  class space    used 7973K, committed 8256K, reserved 1048576K
}
Event: 4.032 GC heap after
{Heap after GC invocations=12 (full 0):
 garbage-first heap   total 69632K, used 27942K [0x0000000704e00000, 0x0000000800000000)
  region size 2048K, 2 young (4096K), 2 survivors (4096K)
 Metaspace       used 60121K, committed 60736K, reserved 1114112K
  class space    used 7973K, committed 8256K, reserved 1048576K
}
Event: 26.884 GC heap before
{Heap before GC invocations=13 (full 0):
 garbage-first heap   total 69632K, used 56614K [0x0000000704e00000, 0x0000000800000000)
  region size 2048K, 17 young (34816K), 2 survivors (4096K)
 Metaspace       used 64111K, committed 64896K, reserved 1114112K
  class space    used 8319K, committed 8704K, reserved 1048576K
}
Event: 26.886 GC heap after
{Heap after GC invocations=14 (full 0):
 garbage-first heap   total 83968K, used 29165K [0x0000000704e00000, 0x0000000800000000)
  region size 2048K, 2 young (4096K), 2 survivors (4096K)
 Metaspace       used 64111K, committed 64896K, reserved 1114112K
  class space    used 8319K, committed 8704K, reserved 1048576K
}
Event: 75.121 GC heap before
{Heap before GC invocations=14 (full 0):
 garbage-first heap   total 83968K, used 72173K [0x0000000704e00000, 0x0000000800000000)
  region size 2048K, 23 young (47104K), 2 survivors (4096K)
 Metaspace       used 64548K, committed 65280K, reserved 1114112K
  class space    used 8322K, committed 8704K, reserved 1048576K
}
Event: 75.124 GC heap after
{Heap after GC invocations=15 (full 0):
 garbage-first heap   total 83968K, used 29176K [0x0000000704e00000, 0x0000000800000000)
  region size 2048K, 1 young (2048K), 1 survivors (2048K)
 Metaspace       used 64548K, committed 65280K, reserved 1114112K
  class space    used 8322K, committed 8704K, reserved 1048576K
}

